Cascadia_GNSS-A_sites_v3_WGS84
Cascadia_GNSS_vectors_v3_clip
Cascadia_LiDAR_coverage_v5_clip_WGS84
Cascadia_coastline_v2
Cascadia_fault_segments
Cascadia_faults_merge_v3
Cascadia_geology_v3
Cascadia_lacustrine_cores_v1
Cascadia_landlevel_paleoseismology_v2
Cascadia_landslides_polys_clip_WGS84
Cascadia_marine_cores_v1
Cascadia_marine_drilling_v1
Cascadia_marine_geophysics_v1
Cascadia_marine_paleoseismology_v4_clip
Cascadia_marine_seismic_v1
Cascadia_multibeam_footprints_v3_WGS84
Cascadia_offshore_locations
Cascadia_onshore_shaking_paleoseismology_v2
Cascadia_seismic_stations_v2
Cascadia_seismicity_M4
Cascadia_seismicity_plateboundary
Cascadia_slab_contour_v2
Cascadia_sliprates_v1
Cascadia_terranes_v2
Cascadia_tsunami_paleoseismology_v1
Tectonic_plate_boundaries
